18:47:44,300 root INFO Logger object created successfully..
18:47:44,300 root DEBUG Mempool init complete
18:47:44,301 root DEBUG Ledger module init complete
18:47:44,301 root DEBUG BlockTree init complete
18:47:44,301 root DEBUG LeaderElection init complete
18:47:44,301 root DEBUG Safety module init complete
18:47:44,309 root DEBUG Replica Spawned
18:47:44,316 root DEBUG Verifying signed message
18:47:44,318 root DEBUG Transaction added to mempool
18:47:44,321 root DEBUG Verifying signed message
18:47:44,323 root DEBUG Transaction added to mempool
18:47:44,324 root DEBUG Verifying signed message
18:47:44,324 root DEBUG Transaction added to mempool
18:47:44,324 root DEBUG Verifying signed message
18:47:44,324 root DEBUG Transaction added to mempool
18:47:44,325 root DEBUG Verifying signed message
18:47:44,325 root DEBUG Transaction added to mempool
18:47:44,325 root DEBUG Verifying signed message
18:47:44,325 root DEBUG Transaction added to mempool
18:47:44,325 root DEBUG Verifying signed message
18:47:44,325 root DEBUG Transaction added to mempool
18:47:44,326 root DEBUG Verifying signed message
18:47:44,326 root DEBUG Transaction added to mempool
18:47:44,326 root DEBUG Verifying signed message
18:47:44,326 root DEBUG Transaction added to mempool
18:47:44,326 root DEBUG Verifying signed message
18:47:44,326 root DEBUG Transaction added to mempool
18:47:44,327 root DEBUG Verifying signed message
18:47:44,327 root DEBUG Transaction added to mempool
18:47:44,327 root DEBUG Verifying signed message
18:47:44,327 root DEBUG Transaction added to mempool
18:47:44,327 root DEBUG Verifying signed message
18:47:44,327 root DEBUG Transaction added to mempool
18:47:44,328 root DEBUG Verifying signed message
18:47:44,328 root DEBUG Transaction added to mempool
18:47:44,328 root DEBUG Verifying signed message
18:47:44,328 root DEBUG Transaction added to mempool
18:47:44,328 root DEBUG Verifying signed message
18:47:44,329 root DEBUG Transaction added to mempool
18:47:44,329 root DEBUG Verifying signed message
18:47:44,329 root DEBUG Transaction added to mempool
18:47:44,329 root DEBUG Verifying signed message
18:47:44,329 root DEBUG Transaction added to mempool
18:47:44,330 root DEBUG Verifying signed message
18:47:44,330 root DEBUG Transaction added to mempool
18:47:44,330 root DEBUG Verifying signed message
18:47:44,330 root DEBUG Transaction added to mempool
18:47:44,331 root DEBUG Verifying signed message
18:47:44,331 root DEBUG Transaction added to mempool
18:47:45,310 root DEBUG sending timeout message
18:47:45,315 root DEBUG Processing timeout message
18:47:45,316 root DEBUG Processing QC from sender 
18:47:45,316 root DEBUG updating leaders
18:47:45,316 root DEBUG Processed QC certificate
18:47:45,316 root DEBUG Processing QC from sender 
18:47:45,316 root DEBUG updating leaders
18:47:45,316 root DEBUG Processed QC certificate
18:47:45,317 root DEBUG Processing timeout message
18:47:45,317 root DEBUG Processing QC from sender 
18:47:45,317 root DEBUG updating leaders
18:47:45,318 root DEBUG Processed QC certificate
18:47:45,318 root DEBUG Processing QC from sender 
18:47:45,318 root DEBUG updating leaders
18:47:45,318 root DEBUG Processed QC certificate
18:47:45,318 root DEBUG sending timeout message
18:47:45,320 root DEBUG Processing timeout message
18:47:45,321 root DEBUG Processing QC from sender 
18:47:45,321 root DEBUG updating leaders
18:47:45,321 root DEBUG Processed QC certificate
18:47:45,321 root DEBUG Processing QC from sender 
18:47:45,321 root DEBUG updating leaders
18:47:45,322 root DEBUG Processed QC certificate
18:47:45,322 root DEBUG Processing new round event
18:47:45,322 root DEBUG new leader is 
18:47:45,322 root DEBUG Processing timeout message
18:47:45,322 root DEBUG Processing QC from sender 
18:47:45,323 root DEBUG updating leaders
18:47:45,323 root DEBUG Processed QC certificate
18:47:45,323 root DEBUG Processing QC from sender 
18:47:45,323 root DEBUG updating leaders
18:47:45,323 root DEBUG Processed QC certificate
18:47:45,323 root DEBUG Processing timeout message
18:47:45,323 root DEBUG Processing QC from sender 
18:47:45,323 root DEBUG updating leaders
18:47:45,323 root DEBUG Processed QC certificate
18:47:45,324 root DEBUG Processing QC from sender 
18:47:45,324 root DEBUG updating leaders
18:47:45,324 root DEBUG Processed QC certificate
18:47:45,324 root DEBUG Processing timeout message
18:47:45,324 root DEBUG Processing QC from sender 
18:47:45,324 root DEBUG updating leaders
18:47:45,324 root DEBUG Processed QC certificate
18:47:45,324 root DEBUG Processing QC from sender 
18:47:45,324 root DEBUG updating leaders
18:47:45,324 root DEBUG Processed QC certificate
18:47:45,326 root DEBUG Processing proposal message2cde70d7730759934daa6dbac7e48b0a5d269d5aadad122d8828d695b071e008
18:47:45,326 root DEBUG Processing QC from sender 
18:47:45,326 root DEBUG updating leaders
18:47:45,326 root DEBUG Processed QC certificate
18:47:45,326 root DEBUG Processing QC from sender 
18:47:45,327 root DEBUG updating leaders
18:47:45,327 root DEBUG Processed QC certificate
18:47:45,327 root DEBUG new leader is 
18:47:45,327 root DEBUG New ledger state 
18:47:45,327 root DEBUG Searching block with id
18:47:45,327 root DEBUG Inserting block
18:47:45,327 root DEBUG Leadger state is 
18:47:45,327 root DEBUG Leadger state is 
18:47:45,327 root DEBUG new leader is 
18:47:45,328 root DEBUG Processing vote message
18:47:45,328 root DEBUG Processing vote
18:47:45,328 root DEBUG Processing QC from sender 
18:47:45,330 root DEBUG Processing vote message
18:47:45,330 root DEBUG Processing vote
18:47:45,330 root DEBUG Processing QC from sender 
18:47:45,336 root DEBUG Processing vote message
18:47:45,336 root DEBUG Processing vote
18:47:45,336 root DEBUG Processing QC from sender 
18:47:45,337 root DEBUG Processing QC from sender 
18:47:45,337 root DEBUG updating leaders
18:47:45,337 root DEBUG Processed QC certificate
18:47:45,337 root DEBUG Processing new round event
18:47:45,337 root DEBUG new leader is 
18:47:45,337 root DEBUG Generating block
18:47:45,337 root DEBUG sending proposal message 
18:47:45,338 root DEBUG Processing proposal messagedccb97f616b4c61c6ab374abb87299e35daee5c584decb4e4c81effd62ac1d3a
18:47:45,338 root DEBUG Processing QC from sender 
18:47:45,339 root DEBUG updating leaders
18:47:45,339 root DEBUG Processed QC certificate
18:47:45,339 root DEBUG Processing QC from sender 
18:47:45,339 root DEBUG updating leaders
18:47:45,339 root DEBUG Processed QC certificate
18:47:45,339 root DEBUG new leader is 
18:47:45,339 root DEBUG New ledger state 
18:47:45,339 root DEBUG Searching block with id
18:47:45,339 root DEBUG Searching block with id
18:47:45,339 root DEBUG Inserting block
18:47:45,339 root DEBUG Leadger state is 
18:47:45,339 root DEBUG Leadger state is 
18:47:45,339 root DEBUG Leadger state is 
18:47:45,339 root DEBUG new leader is 
18:47:46,340 root DEBUG sending timeout message
18:47:46,344 root DEBUG Processing timeout message
18:47:46,344 root DEBUG Processing QC from sender 
18:47:46,345 root DEBUG updating leaders
18:47:46,346 root DEBUG Processed QC certificate
18:47:46,347 root DEBUG Processing QC from sender 
18:47:46,347 root DEBUG updating leaders
18:47:46,347 root DEBUG Processed QC certificate
18:47:46,348 root DEBUG Processing timeout message
18:47:46,348 root DEBUG Processing QC from sender 
18:47:46,348 root DEBUG updating leaders
18:47:46,348 root DEBUG Processed QC certificate
18:47:46,348 root DEBUG Processing QC from sender 
18:47:46,348 root DEBUG updating leaders
18:47:46,348 root DEBUG Processed QC certificate
18:47:46,348 root DEBUG sending timeout message
18:47:46,350 root DEBUG Processing timeout message
18:47:46,350 root DEBUG Processing QC from sender 
18:47:46,350 root DEBUG updating leaders
18:47:46,350 root DEBUG Processed QC certificate
18:47:46,350 root DEBUG Processing QC from sender 
18:47:46,350 root DEBUG updating leaders
18:47:46,350 root DEBUG Processed QC certificate
18:47:46,351 root DEBUG Processing new round event
18:47:46,351 root DEBUG new leader is 
18:47:46,352 root DEBUG Processing timeout message
18:47:46,352 root DEBUG Processing QC from sender 
18:47:46,352 root DEBUG updating leaders
18:47:46,352 root DEBUG Processed QC certificate
18:47:46,352 root DEBUG Processing QC from sender 
18:47:46,352 root DEBUG updating leaders
18:47:46,352 root DEBUG Processed QC certificate
18:47:46,353 root DEBUG Processing timeout message
18:47:46,354 root DEBUG Processing QC from sender 
18:47:46,354 root DEBUG updating leaders
18:47:46,354 root DEBUG Processed QC certificate
18:47:46,354 root DEBUG Processing QC from sender 
18:47:46,354 root DEBUG updating leaders
18:47:46,354 root DEBUG Processed QC certificate
18:47:46,355 root DEBUG Processing timeout message
18:47:46,355 root DEBUG Processing QC from sender 
18:47:46,355 root DEBUG updating leaders
18:47:46,355 root DEBUG Processed QC certificate
18:47:46,356 root DEBUG Processing QC from sender 
18:47:46,356 root DEBUG updating leaders
18:47:46,356 root DEBUG Processed QC certificate
18:47:47,352 root DEBUG sending timeout message
18:47:47,356 root DEBUG Processing timeout message
18:47:47,360 root DEBUG Processing QC from sender 
18:47:47,360 root DEBUG updating leaders
18:47:47,360 root DEBUG Processed QC certificate
18:47:47,360 root DEBUG Processing QC from sender 
18:47:47,361 root DEBUG updating leaders
18:47:47,361 root DEBUG Processed QC certificate
18:47:47,365 root DEBUG Processing timeout message
18:47:47,365 root DEBUG Processing QC from sender 
18:47:47,366 root DEBUG updating leaders
18:47:47,366 root DEBUG Processed QC certificate
18:47:47,366 root DEBUG Processing QC from sender 
18:47:47,366 root DEBUG updating leaders
18:47:47,366 root DEBUG Processed QC certificate
18:47:47,366 root DEBUG sending timeout message
18:47:47,371 root DEBUG Processing timeout message
18:47:47,371 root DEBUG Processing QC from sender 
18:47:47,372 root DEBUG updating leaders
18:47:47,372 root DEBUG Processed QC certificate
18:47:47,372 root DEBUG Processing QC from sender 
18:47:47,372 root DEBUG updating leaders
18:47:47,372 root DEBUG Processed QC certificate
18:47:47,373 root DEBUG Processing new round event
18:47:47,373 root DEBUG new leader is 
18:47:47,374 root DEBUG Processing timeout message
18:47:47,374 root DEBUG Processing QC from sender 
18:47:47,374 root DEBUG updating leaders
18:47:47,374 root DEBUG Processed QC certificate
18:47:47,374 root DEBUG Processing QC from sender 
18:47:47,374 root DEBUG updating leaders
18:47:47,374 root DEBUG Processed QC certificate
18:47:47,376 root DEBUG Processing timeout message
18:47:47,377 root DEBUG Processing QC from sender 
18:47:47,377 root DEBUG updating leaders
18:47:47,377 root DEBUG Processed QC certificate
18:47:47,377 root DEBUG Processing QC from sender 
18:47:47,377 root DEBUG updating leaders
18:47:47,377 root DEBUG Processed QC certificate
18:47:47,378 root DEBUG Processing timeout message
18:47:47,378 root DEBUG Processing QC from sender 
18:47:47,378 root DEBUG updating leaders
18:47:47,378 root DEBUG Processed QC certificate
18:47:47,378 root DEBUG Processing QC from sender 
18:47:47,378 root DEBUG updating leaders
18:47:47,378 root DEBUG Processed QC certificate
18:47:47,379 root DEBUG Processing proposal message965838599aa025ba0f4ccc5a1aeb7961c92186a2e5a8a59e35c515c26c2306d0
18:47:47,379 root DEBUG Processing QC from sender 
18:47:47,379 root DEBUG updating leaders
18:47:47,380 root DEBUG Processed QC certificate
18:47:47,380 root DEBUG Processing QC from sender 
18:47:47,380 root DEBUG updating leaders
18:47:47,380 root DEBUG Processed QC certificate
18:47:47,380 root DEBUG new leader is 
18:47:47,380 root DEBUG New ledger state 
18:47:47,380 root DEBUG Searching block with id
18:47:47,380 root DEBUG Searching block with id
18:47:47,380 root DEBUG Searching block with id
18:47:47,380 root DEBUG Inserting block
18:47:47,380 root DEBUG Leadger state is 
18:47:47,380 root DEBUG Leadger state is 
18:47:47,380 root DEBUG new leader is 
18:47:47,387 root DEBUG Processing proposal messagee4c2ec1853a37c93d6678df0bb1622f23813844436a4e564bde25f7a110f8ce7
18:47:47,388 root DEBUG Processing QC from sender 
18:47:47,388 root DEBUG updating leaders
18:47:47,388 root DEBUG Processed QC certificate
18:47:47,388 root DEBUG Processing QC from sender 
18:47:47,388 root DEBUG updating leaders
18:47:47,388 root DEBUG Processed QC certificate
18:47:47,388 root DEBUG new leader is 
18:47:47,389 root DEBUG New ledger state 
18:47:47,389 root DEBUG Searching block with id
18:47:47,390 root DEBUG Searching block with id
18:47:47,391 root DEBUG Searching block with id
18:47:47,391 root DEBUG Searching block with id
18:47:47,391 root DEBUG Inserting block
18:47:47,391 root DEBUG Leadger state is 
18:47:47,391 root DEBUG Leadger state is 
18:47:47,391 root DEBUG Leadger state is 
18:47:47,391 root DEBUG new leader is 
18:47:47,392 root DEBUG Processing vote message
18:47:47,392 root DEBUG Processing vote
18:47:47,392 root DEBUG Processing QC from sender 
18:47:47,393 root DEBUG Processing vote message
18:47:47,393 root DEBUG Processing vote
18:47:47,393 root DEBUG Processing QC from sender 
18:47:47,393 root DEBUG Processing vote message
18:47:47,393 root DEBUG Processing vote
18:47:47,393 root DEBUG Processing QC from sender 
18:47:47,393 root DEBUG Processing QC from sender 
18:47:47,393 root DEBUG Committing transactions
18:47:47,394 root DEBUG updating leaders
18:47:47,394 root DEBUG Processed QC certificate
18:47:47,394 root DEBUG Processing new round event
18:47:47,394 root DEBUG new leader is 
18:47:47,394 root DEBUG Generating block
18:47:47,394 root DEBUG sending proposal message 
18:47:47,397 root DEBUG Processing proposal message19c62a5129e42e6347b619b0d57487555b94bddf90bf56a0ebff35d8314bcf04
18:47:47,398 root DEBUG Processing QC from sender 
18:47:47,398 root DEBUG updating leaders
18:47:47,398 root DEBUG Processed QC certificate
18:47:47,398 root DEBUG Processing QC from sender 
18:47:47,398 root DEBUG updating leaders
18:47:47,398 root DEBUG Processed QC certificate
18:47:47,398 root DEBUG new leader is 
18:47:47,398 root DEBUG New ledger state 
18:47:47,398 root DEBUG Searching block with id
18:47:47,398 root DEBUG Searching block with id
18:47:47,399 root DEBUG Searching block with id
18:47:47,399 root DEBUG Searching block with id
18:47:47,399 root DEBUG Searching block with id
18:47:47,399 root DEBUG Inserting block
18:47:47,399 root DEBUG Leadger state is 
18:47:47,399 root DEBUG Leadger state is 
18:47:47,399 root DEBUG Leadger state is 
18:47:47,399 root DEBUG new leader is 
18:47:48,400 root DEBUG sending timeout message
18:47:48,401 root DEBUG Processing timeout message
18:47:48,402 root DEBUG Processing QC from sender 
18:47:48,402 root DEBUG updating leaders
18:47:48,403 root DEBUG Processed QC certificate
18:47:48,403 root DEBUG Processing QC from sender 
18:47:48,403 root DEBUG updating leaders
18:47:48,403 root DEBUG Processed QC certificate
18:47:48,403 root DEBUG Processing timeout message
18:47:48,403 root DEBUG Processing QC from sender 
18:47:48,403 root DEBUG updating leaders
18:47:48,403 root DEBUG Processed QC certificate
18:47:48,403 root DEBUG Processing QC from sender 
18:47:48,403 root DEBUG updating leaders
18:47:48,404 root DEBUG Processed QC certificate
18:47:48,404 root DEBUG sending timeout message
18:47:48,405 root DEBUG Processing timeout message
18:47:48,405 root DEBUG Processing QC from sender 
18:47:48,405 root DEBUG updating leaders
18:47:48,405 root DEBUG Processed QC certificate
18:47:48,405 root DEBUG Processing QC from sender 
18:47:48,405 root DEBUG updating leaders
18:47:48,405 root DEBUG Processed QC certificate
18:47:48,405 root DEBUG Processing new round event
18:47:48,405 root DEBUG new leader is 
18:47:48,406 root DEBUG Processing timeout message
18:47:48,406 root DEBUG Processing QC from sender 
18:47:48,406 root DEBUG updating leaders
18:47:48,406 root DEBUG Processed QC certificate
18:47:48,406 root DEBUG Processing QC from sender 
18:47:48,406 root DEBUG updating leaders
18:47:48,406 root DEBUG Processed QC certificate
18:47:48,407 root DEBUG Processing timeout message
18:47:48,407 root DEBUG Processing QC from sender 
18:47:48,407 root DEBUG updating leaders
18:47:48,407 root DEBUG Processed QC certificate
18:47:48,407 root DEBUG Processing QC from sender 
18:47:48,407 root DEBUG updating leaders
18:47:48,407 root DEBUG Processed QC certificate
18:47:48,408 root DEBUG Processing timeout message
18:47:48,408 root DEBUG Processing QC from sender 
18:47:48,408 root DEBUG updating leaders
18:47:48,408 root DEBUG Processed QC certificate
18:47:48,408 root DEBUG Processing QC from sender 
18:47:48,408 root DEBUG updating leaders
18:47:48,408 root DEBUG Processed QC certificate
18:47:49,334 root DEBUG Processing vote message
18:47:49,335 root DEBUG Processing vote
18:47:49,335 root DEBUG Processing QC from sender 
18:47:49,406 root DEBUG sending timeout message
18:47:49,410 root DEBUG Processing timeout message
18:47:49,411 root DEBUG Processing QC from sender 
18:47:49,411 root DEBUG updating leaders
18:47:49,411 root DEBUG Processed QC certificate
18:47:49,411 root DEBUG Processing QC from sender 
18:47:49,411 root DEBUG updating leaders
18:47:49,411 root DEBUG Processed QC certificate
18:47:49,414 root DEBUG Processing timeout message
18:47:49,415 root DEBUG Processing QC from sender 
18:47:49,415 root DEBUG updating leaders
18:47:49,416 root DEBUG Processed QC certificate
18:47:49,416 root DEBUG Processing QC from sender 
18:47:49,416 root DEBUG updating leaders
18:47:49,416 root DEBUG Processed QC certificate
18:47:49,416 root DEBUG sending timeout message
18:47:49,420 root DEBUG Processing timeout message
18:47:49,420 root DEBUG Processing QC from sender 
18:47:49,420 root DEBUG updating leaders
18:47:49,421 root DEBUG Processed QC certificate
18:47:49,421 root DEBUG Processing QC from sender 
18:47:49,421 root DEBUG updating leaders
18:47:49,421 root DEBUG Processed QC certificate
18:47:49,421 root DEBUG Processing new round event
18:47:49,421 root DEBUG new leader is 
18:47:49,422 root DEBUG Processing timeout message
18:47:49,423 root DEBUG Processing QC from sender 
18:47:49,423 root DEBUG updating leaders
18:47:49,423 root DEBUG Processed QC certificate
18:47:49,423 root DEBUG Processing QC from sender 
18:47:49,423 root DEBUG updating leaders
18:47:49,423 root DEBUG Processed QC certificate
18:47:49,424 root DEBUG Processing timeout message
18:47:49,424 root DEBUG Processing QC from sender 
18:47:49,425 root DEBUG updating leaders
18:47:49,425 root DEBUG Processed QC certificate
18:47:49,425 root DEBUG Processing QC from sender 
18:47:49,425 root DEBUG updating leaders
18:47:49,425 root DEBUG Processed QC certificate
18:47:49,426 root DEBUG Processing timeout message
18:47:49,426 root DEBUG Processing QC from sender 
18:47:49,426 root DEBUG updating leaders
18:47:49,426 root DEBUG Processed QC certificate
18:47:49,426 root DEBUG Processing QC from sender 
18:47:49,426 root DEBUG updating leaders
18:47:49,426 root DEBUG Processed QC certificate
18:47:49,427 root DEBUG Processing proposal messagee1a45732a1e1985125359981a7c7e3ab8f16bdb9e12c6b67b71d71213d83c702
18:47:49,427 root DEBUG Processing QC from sender 
18:47:49,427 root DEBUG updating leaders
18:47:49,427 root DEBUG Processed QC certificate
18:47:49,427 root DEBUG Processing QC from sender 
18:47:49,427 root DEBUG updating leaders
18:47:49,427 root DEBUG Processed QC certificate
18:47:49,427 root DEBUG new leader is 
18:47:49,428 root DEBUG New ledger state 
18:47:49,428 root DEBUG Searching block with id
18:47:49,428 root DEBUG Searching block with id
18:47:49,428 root DEBUG Searching block with id
18:47:49,428 root DEBUG Searching block with id
18:47:49,428 root DEBUG Searching block with id
18:47:49,428 root DEBUG Searching block with id
18:47:49,428 root DEBUG Inserting block
18:47:49,428 root DEBUG Leadger state is 
18:47:49,428 root DEBUG Leadger state is 
18:47:49,428 root DEBUG new leader is 
18:47:49,434 root DEBUG Processing proposal message39f81af4909ba1c50166b881bddcf0590efd4e0b0c64a846141655e77c5f5aed
18:47:49,435 root DEBUG Processing QC from sender 
18:47:49,435 root DEBUG updating leaders
18:47:49,436 root DEBUG Processed QC certificate
18:47:49,437 root DEBUG Processing QC from sender 
18:47:49,437 root DEBUG updating leaders
18:47:49,437 root DEBUG Processed QC certificate
18:47:49,437 root DEBUG new leader is 
18:47:49,438 root DEBUG New ledger state 
18:47:49,438 root DEBUG Searching block with id
18:47:49,438 root DEBUG Searching block with id
18:47:49,438 root DEBUG Searching block with id
18:47:49,438 root DEBUG Searching block with id
18:47:49,438 root DEBUG Searching block with id
18:47:49,438 root DEBUG Searching block with id
18:47:49,439 root DEBUG Searching block with id
18:47:49,439 root DEBUG Inserting block
18:47:49,439 root DEBUG Leadger state is 
18:47:49,439 root DEBUG Leadger state is 
18:47:49,439 root DEBUG Leadger state is 
18:47:49,439 root DEBUG new leader is 
18:47:49,440 root DEBUG Processing vote message
18:47:49,440 root DEBUG Processing vote
18:47:49,440 root DEBUG Processing QC from sender 
18:47:49,441 root DEBUG Processing vote message
18:47:49,441 root DEBUG Processing vote
18:47:49,441 root DEBUG Processing QC from sender 
18:47:49,441 root DEBUG Processing vote message
18:47:49,441 root DEBUG Processing vote
18:47:49,441 root DEBUG Processing QC from sender 
18:47:49,441 root DEBUG Processing QC from sender 
18:47:49,442 root DEBUG Committing transactions
18:47:49,442 root DEBUG updating leaders
18:47:49,442 root DEBUG Processed QC certificate
18:47:49,442 root DEBUG Processing new round event
18:47:49,442 root DEBUG new leader is 
18:47:49,442 root DEBUG Generating block
18:47:49,442 root DEBUG sending proposal message 
18:47:49,443 root DEBUG Processing proposal message2ff7274cc4534c0cf051cd05cc14394a0363dd7045156758d057e7aaada76ae7
18:47:49,443 root DEBUG Processing QC from sender 
18:47:49,443 root DEBUG updating leaders
18:47:49,443 root DEBUG Processed QC certificate
18:47:49,443 root DEBUG Processing QC from sender 
18:47:49,443 root DEBUG updating leaders
18:47:49,444 root DEBUG Processed QC certificate
18:47:49,444 root DEBUG new leader is 
18:47:49,444 root DEBUG New ledger state 
18:47:49,444 root DEBUG Searching block with id
18:47:49,444 root DEBUG Searching block with id
18:47:49,444 root DEBUG Searching block with id
18:47:49,444 root DEBUG Searching block with id
18:47:49,444 root DEBUG Searching block with id
18:47:49,444 root DEBUG Searching block with id
18:47:49,444 root DEBUG Searching block with id
18:47:49,444 root DEBUG Searching block with id
18:47:49,444 root DEBUG Inserting block
18:47:49,444 root DEBUG Leadger state is 
18:47:49,444 root DEBUG Leadger state is 
18:47:49,444 root DEBUG Leadger state is 
18:47:49,444 root DEBUG new leader is 
18:47:50,445 root DEBUG sending timeout message
18:47:50,448 root DEBUG Processing timeout message
18:47:50,449 root DEBUG Processing QC from sender 
18:47:50,449 root DEBUG updating leaders
18:47:50,449 root DEBUG Processed QC certificate
18:47:50,450 root DEBUG Processing QC from sender 
18:47:50,451 root DEBUG updating leaders
18:47:50,452 root DEBUG Processed QC certificate
18:47:50,452 root DEBUG Processing timeout message
18:47:50,454 root DEBUG Processing QC from sender 
18:47:50,454 root DEBUG updating leaders
18:47:50,454 root DEBUG Processed QC certificate
18:47:50,454 root DEBUG Processing QC from sender 
18:47:50,454 root DEBUG updating leaders
18:47:50,454 root DEBUG Processed QC certificate
18:47:50,454 root DEBUG sending timeout message
18:47:50,458 root DEBUG Processing timeout message
18:47:50,458 root DEBUG Processing QC from sender 
18:47:50,458 root DEBUG updating leaders
18:47:50,458 root DEBUG Processed QC certificate
18:47:50,458 root DEBUG Processing QC from sender 
18:47:50,458 root DEBUG updating leaders
18:47:50,459 root DEBUG Processed QC certificate
18:47:50,459 root DEBUG Processing new round event
18:47:50,459 root DEBUG new leader is 
18:47:50,459 root DEBUG Processing timeout message
18:47:50,459 root DEBUG Processing QC from sender 
18:47:50,459 root DEBUG updating leaders
18:47:50,459 root DEBUG Processed QC certificate
18:47:50,460 root DEBUG Processing QC from sender 
18:47:50,460 root DEBUG updating leaders
18:47:50,460 root DEBUG Processed QC certificate
18:47:50,460 root DEBUG Processing timeout message
18:47:50,461 root DEBUG Processing QC from sender 
18:47:50,461 root DEBUG updating leaders
18:47:50,461 root DEBUG Processed QC certificate
18:47:50,461 root DEBUG Processing QC from sender 
18:47:50,461 root DEBUG updating leaders
18:47:50,461 root DEBUG Processed QC certificate
18:47:50,462 root DEBUG Processing timeout message
18:47:50,462 root DEBUG Processing QC from sender 
18:47:50,462 root DEBUG updating leaders
18:47:50,462 root DEBUG Processed QC certificate
18:47:50,462 root DEBUG Processing QC from sender 
18:47:50,462 root DEBUG updating leaders
18:47:50,462 root DEBUG Processed QC certificate
18:47:51,459 root DEBUG sending timeout message
18:47:51,465 root DEBUG Processing timeout message
18:47:51,466 root DEBUG Processing QC from sender 
18:47:51,466 root DEBUG updating leaders
18:47:51,466 root DEBUG Processed QC certificate
18:47:51,466 root DEBUG Processing QC from sender 
18:47:51,466 root DEBUG updating leaders
18:47:51,466 root DEBUG Processed QC certificate
18:47:51,467 root DEBUG Processing timeout message
18:47:51,468 root DEBUG Processing QC from sender 
18:47:51,468 root DEBUG updating leaders
18:47:51,468 root DEBUG Processed QC certificate
18:47:51,468 root DEBUG Processing QC from sender 
18:47:51,468 root DEBUG updating leaders
18:47:51,469 root DEBUG Processed QC certificate
18:47:51,469 root DEBUG sending timeout message
18:47:51,475 root DEBUG Processing timeout message
18:47:51,475 root DEBUG Processing QC from sender 
18:47:51,475 root DEBUG updating leaders
18:47:51,476 root DEBUG Processed QC certificate
18:47:51,476 root DEBUG Processing QC from sender 
18:47:51,476 root DEBUG updating leaders
18:47:51,476 root DEBUG Processed QC certificate
18:47:51,476 root DEBUG Processing new round event
18:47:51,476 root DEBUG new leader is 
18:47:51,477 root DEBUG Processing timeout message
18:47:51,477 root DEBUG Processing QC from sender 
18:47:51,478 root DEBUG updating leaders
18:47:51,478 root DEBUG Processed QC certificate
18:47:51,478 root DEBUG Processing QC from sender 
18:47:51,478 root DEBUG updating leaders
18:47:51,478 root DEBUG Processed QC certificate
18:47:51,479 root DEBUG Processing timeout message
18:47:51,479 root DEBUG Processing QC from sender 
18:47:51,479 root DEBUG updating leaders
18:47:51,479 root DEBUG Processed QC certificate
18:47:51,479 root DEBUG Processing QC from sender 
18:47:51,479 root DEBUG updating leaders
18:47:51,480 root DEBUG Processed QC certificate
18:47:51,480 root DEBUG Processing timeout message
18:47:51,481 root DEBUG Processing QC from sender 
18:47:51,481 root DEBUG updating leaders
18:47:51,481 root DEBUG Processed QC certificate
18:47:51,481 root DEBUG Processing QC from sender 
18:47:51,481 root DEBUG updating leaders
18:47:51,481 root DEBUG Processed QC certificate
18:47:51,482 root DEBUG Processing proposal messagec685f683b78ff2d9cffa328e839f4a22d250c93d1816e1efd42ae3e640e8cbd4
18:47:51,482 root DEBUG Processing QC from sender 
18:47:51,482 root DEBUG updating leaders
18:47:51,482 root DEBUG Processed QC certificate
18:47:51,482 root DEBUG Processing QC from sender 
18:47:51,482 root DEBUG updating leaders
18:47:51,483 root DEBUG Processed QC certificate
18:47:51,483 root DEBUG new leader is 
18:47:51,483 root DEBUG New ledger state 
18:47:51,483 root DEBUG Searching block with id
18:47:51,483 root DEBUG Searching block with id
18:47:51,483 root DEBUG Searching block with id
18:47:51,483 root DEBUG Searching block with id
18:47:51,483 root DEBUG Searching block with id
18:47:51,483 root DEBUG Searching block with id
18:47:51,483 root DEBUG Searching block with id
18:47:51,483 root DEBUG Searching block with id
18:47:51,483 root DEBUG Searching block with id
18:47:51,483 root DEBUG Inserting block
18:47:51,483 root DEBUG Leadger state is 
18:47:51,483 root DEBUG Leadger state is 
18:47:51,483 root DEBUG new leader is 
18:47:51,489 root DEBUG Processing proposal message62f74727be0c8450dd69892243771758ce99db3979b2e654ebc8fd1eb6320dfb
18:47:51,489 root DEBUG Processing QC from sender 
18:47:51,490 root DEBUG updating leaders
18:47:51,490 root DEBUG Processed QC certificate
18:47:51,490 root DEBUG Processing QC from sender 
18:47:51,490 root DEBUG updating leaders
18:47:51,490 root DEBUG Processed QC certificate
18:47:51,490 root DEBUG new leader is 
18:47:51,490 root DEBUG New ledger state 
18:47:51,490 root DEBUG Searching block with id
18:47:51,490 root DEBUG Searching block with id
18:47:51,490 root DEBUG Searching block with id
18:47:51,491 root DEBUG Searching block with id
18:47:51,491 root DEBUG Searching block with id
18:47:51,491 root DEBUG Searching block with id
18:47:51,491 root DEBUG Searching block with id
18:47:51,491 root DEBUG Searching block with id
18:47:51,491 root DEBUG Searching block with id
18:47:51,491 root DEBUG Searching block with id
18:47:51,491 root DEBUG Inserting block
18:47:51,491 root DEBUG Leadger state is 
18:47:51,491 root DEBUG Leadger state is 
18:47:51,491 root DEBUG Leadger state is 
18:47:51,491 root DEBUG new leader is 
18:47:51,492 root DEBUG Processing vote message
18:47:51,493 root DEBUG Processing vote
18:47:51,494 root DEBUG Processing QC from sender 
18:47:51,494 root DEBUG Processing vote message
18:47:51,495 root DEBUG Processing vote
18:47:51,495 root DEBUG Processing QC from sender 
18:47:51,495 root DEBUG Processing vote message
18:47:51,496 root DEBUG Processing vote
18:47:51,496 root DEBUG Processing QC from sender 
18:47:51,496 root DEBUG Processing QC from sender 
18:47:51,496 root DEBUG Committing transactions
18:47:51,497 root DEBUG updating leaders
18:47:51,497 root DEBUG Processed QC certificate
18:47:51,497 root DEBUG Processing new round event
18:47:51,497 root DEBUG new leader is 
18:47:51,497 root DEBUG Generating block
18:47:51,497 root DEBUG sending proposal message 
18:47:51,499 root DEBUG Processing proposal message0bcba832b654e3829f28cb3e9a8727a235ab79c6b3a1b9628cd87027b8e873b4
18:47:51,499 root DEBUG Processing QC from sender 
18:47:51,500 root DEBUG updating leaders
18:47:51,500 root DEBUG Processed QC certificate
18:47:51,500 root DEBUG Processing QC from sender 
18:47:51,500 root DEBUG updating leaders
18:47:51,500 root DEBUG Processed QC certificate
18:47:51,500 root DEBUG new leader is 
18:47:51,500 root DEBUG New ledger state 
18:47:51,500 root DEBUG Searching block with id
18:47:51,500 root DEBUG Searching block with id
18:47:51,500 root DEBUG Searching block with id
18:47:51,500 root DEBUG Searching block with id
18:47:51,500 root DEBUG Searching block with id
18:47:51,500 root DEBUG Searching block with id
18:47:51,500 root DEBUG Searching block with id
18:47:51,501 root DEBUG Searching block with id
18:47:51,501 root DEBUG Searching block with id
18:47:51,501 root DEBUG Searching block with id
18:47:51,501 root DEBUG Searching block with id
18:47:51,501 root DEBUG Inserting block
18:47:51,501 root DEBUG Leadger state is 
18:47:51,501 root DEBUG Leadger state is 
18:47:51,501 root DEBUG Leadger state is 
18:47:51,501 root DEBUG new leader is 
18:47:52,502 root DEBUG sending timeout message
18:47:52,504 root DEBUG Processing timeout message
18:47:52,510 root DEBUG Processing QC from sender 
18:47:52,511 root DEBUG updating leaders
18:47:52,511 root DEBUG Processed QC certificate
18:47:52,511 root DEBUG Processing QC from sender 
18:47:52,511 root DEBUG updating leaders
18:47:52,511 root DEBUG Processed QC certificate
18:47:52,515 root DEBUG Processing timeout message
18:47:52,515 root DEBUG Processing QC from sender 
18:47:52,516 root DEBUG updating leaders
18:47:52,517 root DEBUG Processed QC certificate
18:47:52,517 root DEBUG Processing QC from sender 
18:47:52,517 root DEBUG updating leaders
18:47:52,517 root DEBUG Processed QC certificate
18:47:52,517 root DEBUG sending timeout message
18:47:52,519 root DEBUG Processing timeout message
18:47:52,520 root DEBUG Processing QC from sender 
18:47:52,521 root DEBUG updating leaders
18:47:52,521 root DEBUG Processed QC certificate
18:47:52,521 root DEBUG Processing QC from sender 
18:47:52,521 root DEBUG updating leaders
18:47:52,521 root DEBUG Processed QC certificate
18:47:52,521 root DEBUG Processing new round event
18:47:52,521 root DEBUG new leader is 
18:47:52,522 root DEBUG Processing timeout message
18:47:52,522 root DEBUG Processing QC from sender 
18:47:52,522 root DEBUG updating leaders
18:47:52,522 root DEBUG Processed QC certificate
18:47:52,522 root DEBUG Processing QC from sender 
18:47:52,522 root DEBUG updating leaders
18:47:52,522 root DEBUG Processed QC certificate
18:47:52,523 root DEBUG Processing timeout message
18:47:52,523 root DEBUG Processing QC from sender 
18:47:52,523 root DEBUG updating leaders
18:47:52,523 root DEBUG Processed QC certificate
18:47:52,523 root DEBUG Processing QC from sender 
18:47:52,523 root DEBUG updating leaders
18:47:52,523 root DEBUG Processed QC certificate
18:47:52,524 root DEBUG Processing timeout message
18:47:52,524 root DEBUG Processing QC from sender 
18:47:52,524 root DEBUG updating leaders
18:47:52,524 root DEBUG Processed QC certificate
18:47:52,525 root DEBUG Processing QC from sender 
18:47:52,525 root DEBUG updating leaders
18:47:52,525 root DEBUG Processed QC certificate
18:47:53,522 root DEBUG sending timeout message
18:47:53,526 root DEBUG Processing timeout message
18:47:53,528 root DEBUG Processing QC from sender 
18:47:53,528 root DEBUG updating leaders
18:47:53,528 root DEBUG Processed QC certificate
18:47:53,528 root DEBUG Processing QC from sender 
18:47:53,528 root DEBUG updating leaders
18:47:53,528 root DEBUG Processed QC certificate
18:47:53,529 root DEBUG Processing timeout message
18:47:53,529 root DEBUG Processing QC from sender 
18:47:53,529 root DEBUG updating leaders
18:47:53,530 root DEBUG Processed QC certificate
18:47:53,530 root DEBUG Processing QC from sender 
18:47:53,530 root DEBUG updating leaders
18:47:53,530 root DEBUG Processed QC certificate
18:47:53,530 root DEBUG sending timeout message
18:47:53,533 root DEBUG Processing timeout message
18:47:53,534 root DEBUG Processing QC from sender 
18:47:53,535 root DEBUG updating leaders
18:47:53,535 root DEBUG Processed QC certificate
18:47:53,536 root DEBUG Processing QC from sender 
18:47:53,536 root DEBUG updating leaders
18:47:53,537 root DEBUG Processed QC certificate
18:47:53,537 root DEBUG Processing new round event
18:47:53,537 root DEBUG new leader is 
18:47:53,538 root DEBUG Processing timeout message
18:47:53,539 root DEBUG Processing QC from sender 
18:47:53,539 root DEBUG updating leaders
18:47:53,539 root DEBUG Processed QC certificate
18:47:53,539 root DEBUG Processing QC from sender 
18:47:53,539 root DEBUG updating leaders
18:47:53,539 root DEBUG Processed QC certificate
18:47:53,540 root DEBUG Processing timeout message
18:47:53,540 root DEBUG Processing QC from sender 
18:47:53,540 root DEBUG updating leaders
18:47:53,540 root DEBUG Processed QC certificate
18:47:53,540 root DEBUG Processing QC from sender 
18:47:53,540 root DEBUG updating leaders
18:47:53,540 root DEBUG Processed QC certificate
18:47:53,541 root DEBUG Processing timeout message
18:47:53,541 root DEBUG Processing QC from sender 
18:47:53,541 root DEBUG updating leaders
18:47:53,541 root DEBUG Processed QC certificate
18:47:53,541 root DEBUG Processing QC from sender 
18:47:53,541 root DEBUG updating leaders
18:47:53,541 root DEBUG Processed QC certificate
18:47:53,542 root DEBUG Processing proposal messagee4fbcad3041e598f2d79ef626d90fc979065e69ec8641e0d3c293543f161564b
18:47:53,542 root DEBUG Processing QC from sender 
18:47:53,542 root DEBUG updating leaders
18:47:53,542 root DEBUG Processed QC certificate
18:47:53,542 root DEBUG Processing QC from sender 
18:47:53,542 root DEBUG updating leaders
18:47:53,542 root DEBUG Processed QC certificate
18:47:53,542 root DEBUG new leader is 
18:47:53,542 root DEBUG New ledger state 
18:47:53,542 root DEBUG Searching block with id
18:47:53,542 root DEBUG Searching block with id
18:47:53,543 root DEBUG Searching block with id
18:47:53,543 root DEBUG Searching block with id
18:47:53,543 root DEBUG Searching block with id
18:47:53,543 root DEBUG Searching block with id
18:47:53,543 root DEBUG Searching block with id
18:47:53,543 root DEBUG Searching block with id
18:47:53,543 root DEBUG Searching block with id
18:47:53,543 root DEBUG Searching block with id
18:47:53,543 root DEBUG Searching block with id
18:47:53,543 root DEBUG Searching block with id
18:47:53,543 root DEBUG Inserting block
18:47:53,543 root DEBUG Leadger state is 
18:47:53,543 root DEBUG Leadger state is 
18:47:53,543 root DEBUG new leader is 
18:47:53,548 root DEBUG Processing proposal message5692c3941427a3d2a2c46948871c28cff3bb72bce342d60ffa96b6e67cea1b09
18:47:53,549 root DEBUG Processing QC from sender 
18:47:53,549 root DEBUG updating leaders
18:47:53,549 root DEBUG Processed QC certificate
18:47:53,549 root DEBUG Processing QC from sender 
18:47:53,549 root DEBUG updating leaders
18:47:53,549 root DEBUG Processed QC certificate
18:47:53,549 root DEBUG new leader is 
18:47:53,549 root DEBUG New ledger state 
18:47:53,549 root DEBUG Searching block with id
18:47:53,550 root DEBUG Searching block with id
18:47:53,550 root DEBUG Searching block with id
18:47:53,550 root DEBUG Searching block with id
18:47:53,550 root DEBUG Searching block with id
18:47:53,550 root DEBUG Searching block with id
18:47:53,550 root DEBUG Searching block with id
18:47:53,550 root DEBUG Searching block with id
18:47:53,550 root DEBUG Searching block with id
18:47:53,550 root DEBUG Searching block with id
18:47:53,550 root DEBUG Searching block with id
18:47:53,550 root DEBUG Searching block with id
18:47:53,550 root DEBUG Searching block with id
18:47:53,550 root DEBUG Inserting block
18:47:53,550 root DEBUG Leadger state is 
18:47:53,550 root DEBUG Leadger state is 
18:47:53,550 root DEBUG Leadger state is 
18:47:53,550 root DEBUG new leader is 
18:47:53,551 root DEBUG Processing vote message
18:47:53,552 root DEBUG Processing vote
18:47:53,552 root DEBUG Processing QC from sender 
18:47:53,553 root DEBUG Processing vote message
18:47:53,553 root DEBUG Processing vote
18:47:53,553 root DEBUG Processing QC from sender 
18:47:53,553 root DEBUG Processing vote message
18:47:53,554 root DEBUG Processing vote
18:47:53,554 root DEBUG Processing QC from sender 
18:47:53,554 root DEBUG Processing QC from sender 
18:47:53,554 root DEBUG Committing transactions
18:47:53,554 root DEBUG updating leaders
18:47:53,554 root DEBUG Processed QC certificate
18:47:53,554 root DEBUG Processing new round event
18:47:53,554 root DEBUG new leader is 
18:47:53,554 root DEBUG Generating block
18:47:53,554 root DEBUG sending proposal message 
18:47:53,556 root DEBUG Processing proposal message21ba929bdadd0b36a08b5817d3cff6b90054441131d75c5ee03dcaa495d740f2
18:47:53,557 root DEBUG Processing QC from sender 
18:47:53,557 root DEBUG updating leaders
18:47:53,557 root DEBUG Processed QC certificate
18:47:53,557 root DEBUG Processing QC from sender 
18:47:53,557 root DEBUG updating leaders
18:47:53,557 root DEBUG Processed QC certificate
18:47:53,557 root DEBUG new leader is 
18:47:53,557 root DEBUG New ledger state 
18:47:53,557 root DEBUG Searching block with id
18:47:53,557 root DEBUG Searching block with id
18:47:53,557 root DEBUG Searching block with id
18:47:53,557 root DEBUG Searching block with id
18:47:53,557 root DEBUG Searching block with id
18:47:53,557 root DEBUG Searching block with id
18:47:53,557 root DEBUG Searching block with id
18:47:53,557 root DEBUG Searching block with id
18:47:53,557 root DEBUG Searching block with id
18:47:53,557 root DEBUG Searching block with id
18:47:53,557 root DEBUG Searching block with id
18:47:53,557 root DEBUG Searching block with id
18:47:53,557 root DEBUG Searching block with id
18:47:53,557 root DEBUG Searching block with id
18:47:53,557 root DEBUG Inserting block
18:47:53,557 root DEBUG Leadger state is 
18:47:53,558 root DEBUG Leadger state is 
18:47:53,558 root DEBUG Leadger state is 
18:47:53,558 root DEBUG new leader is 
18:47:54,559 root DEBUG sending timeout message
18:47:54,561 root DEBUG Processing timeout message
18:47:54,561 root DEBUG Processing QC from sender 
18:47:54,561 root DEBUG updating leaders
18:47:54,561 root DEBUG Processed QC certificate
18:47:54,561 root DEBUG Processing QC from sender 
18:47:54,561 root DEBUG updating leaders
18:47:54,561 root DEBUG Processed QC certificate
18:47:54,565 root DEBUG Processing timeout message
18:47:54,566 root DEBUG Processing QC from sender 
18:47:54,566 root DEBUG updating leaders
18:47:54,566 root DEBUG Processed QC certificate
18:47:54,566 root DEBUG Processing QC from sender 
18:47:54,566 root DEBUG updating leaders
18:47:54,567 root DEBUG Processed QC certificate
18:47:54,567 root DEBUG sending timeout message
18:47:54,571 root DEBUG Processing timeout message
18:47:54,572 root DEBUG Processing QC from sender 
18:47:54,573 root DEBUG updating leaders
18:47:54,573 root DEBUG Processed QC certificate
18:47:54,573 root DEBUG Processing QC from sender 
18:47:54,573 root DEBUG updating leaders
18:47:54,573 root DEBUG Processed QC certificate
18:47:54,573 root DEBUG sending timeout message
18:47:54,577 root DEBUG Processing timeout message
18:47:54,577 root DEBUG Processing QC from sender 
18:47:54,578 root DEBUG updating leaders
18:47:54,578 root DEBUG Processed QC certificate
18:47:54,578 root DEBUG Processing QC from sender 
18:47:54,578 root DEBUG updating leaders
18:47:54,578 root DEBUG Processed QC certificate
18:47:54,578 root DEBUG Processing new round event
18:47:54,578 root DEBUG new leader is 
18:47:54,579 root DEBUG Processing timeout message
18:47:54,579 root DEBUG Processing QC from sender 
18:47:54,579 root DEBUG updating leaders
18:47:54,579 root DEBUG Processed QC certificate
18:47:54,579 root DEBUG Processing QC from sender 
18:47:54,579 root DEBUG updating leaders
18:47:54,579 root DEBUG Processed QC certificate
18:47:54,580 root DEBUG Processing timeout message
18:47:54,580 root DEBUG Processing QC from sender 
18:47:54,580 root DEBUG updating leaders
18:47:54,580 root DEBUG Processed QC certificate
18:47:54,580 root DEBUG Processing QC from sender 
18:47:54,580 root DEBUG updating leaders
18:47:54,580 root DEBUG Processed QC certificate
18:47:54,581 root DEBUG Processing timeout message
18:47:54,581 root DEBUG Processing QC from sender 
18:47:54,581 root DEBUG updating leaders
18:47:54,581 root DEBUG Processed QC certificate
18:47:54,581 root DEBUG Processing QC from sender 
18:47:54,581 root DEBUG updating leaders
18:47:54,581 root DEBUG Processed QC certificate
18:47:55,579 root DEBUG Processing timeout message
18:47:55,580 root DEBUG Processing QC from sender 
18:47:55,580 root DEBUG updating leaders
18:47:55,580 root DEBUG Processed QC certificate
18:47:55,580 root DEBUG Processing QC from sender 
18:47:55,580 root DEBUG updating leaders
18:47:55,580 root DEBUG Processed QC certificate
18:47:55,581 root DEBUG sending timeout message
18:47:55,585 root DEBUG Processing timeout message
18:47:55,585 root DEBUG Processing QC from sender 
18:47:55,585 root DEBUG updating leaders
18:47:55,585 root DEBUG Processed QC certificate
18:47:55,585 root DEBUG Processing QC from sender 
18:47:55,585 root DEBUG updating leaders
18:47:55,585 root DEBUG Processed QC certificate
18:47:55,586 root DEBUG sending timeout message
18:47:55,589 root DEBUG Processing timeout message
18:47:55,589 root DEBUG Processing QC from sender 
18:47:55,589 root DEBUG updating leaders
18:47:55,589 root DEBUG Processed QC certificate
18:47:55,589 root DEBUG Processing QC from sender 
18:47:55,589 root DEBUG updating leaders
18:47:55,589 root DEBUG Processed QC certificate
18:47:55,589 root DEBUG Processing new round event
18:47:55,589 root DEBUG new leader is 
18:47:55,590 root DEBUG Processing timeout message
18:47:55,590 root DEBUG Processing QC from sender 
18:47:55,590 root DEBUG updating leaders
18:47:55,590 root DEBUG Processed QC certificate
18:47:55,590 root DEBUG Processing QC from sender 
18:47:55,590 root DEBUG updating leaders
18:47:55,590 root DEBUG Processed QC certificate
18:47:55,591 root DEBUG Processing timeout message
18:47:55,591 root DEBUG Processing QC from sender 
18:47:55,591 root DEBUG updating leaders
18:47:55,591 root DEBUG Processed QC certificate
18:47:55,591 root DEBUG Processing QC from sender 
18:47:55,591 root DEBUG updating leaders
18:47:55,591 root DEBUG Processed QC certificate
18:47:55,592 root DEBUG Processing timeout message
18:47:55,592 root DEBUG Processing QC from sender 
18:47:55,592 root DEBUG updating leaders
18:47:55,592 root DEBUG Processed QC certificate
18:47:55,592 root DEBUG Processing QC from sender 
18:47:55,592 root DEBUG updating leaders
18:47:55,592 root DEBUG Processed QC certificate
18:47:55,594 root DEBUG Processing proposal messagebb1bacf053bc40453c6edfc738f2d65751d7b876f6973a7ad86cacd606a818ed
18:47:55,595 root DEBUG Processing QC from sender 
18:47:55,595 root DEBUG updating leaders
18:47:55,595 root DEBUG Processed QC certificate
18:47:55,595 root DEBUG Processing QC from sender 
18:47:55,595 root DEBUG updating leaders
18:47:55,595 root DEBUG Processed QC certificate
18:47:55,595 root DEBUG new leader is 
18:47:55,595 root DEBUG New ledger state 
18:47:55,596 root DEBUG Searching block with id
18:47:55,596 root DEBUG Searching block with id
18:47:55,596 root DEBUG Searching block with id
18:47:55,596 root DEBUG Searching block with id
18:47:55,596 root DEBUG Searching block with id
18:47:55,596 root DEBUG Searching block with id
18:47:55,596 root DEBUG Searching block with id
18:47:55,596 root DEBUG Searching block with id
18:47:55,596 root DEBUG Searching block with id
18:47:55,596 root DEBUG Searching block with id
18:47:55,596 root DEBUG Searching block with id
18:47:55,596 root DEBUG Searching block with id
18:47:55,596 root DEBUG Searching block with id
18:47:55,597 root DEBUG Searching block with id
18:47:55,597 root DEBUG Searching block with id
18:47:55,597 root DEBUG Inserting block
18:47:55,597 root DEBUG Leadger state is 
18:47:55,597 root DEBUG Leadger state is 
18:47:55,597 root DEBUG new leader is 
18:47:55,599 root DEBUG Processing timeout message
18:47:55,599 root DEBUG Processing QC from sender 
18:47:55,599 root DEBUG updating leaders
18:47:55,599 root DEBUG Processed QC certificate
18:47:55,599 root DEBUG Processing QC from sender 
18:47:55,599 root DEBUG updating leaders
18:47:55,599 root DEBUG Processed QC certificate
18:47:55,611 root DEBUG Processing proposal message3af940a3644ca49b63b3a0873c0d1f2ff159289d0c7ffb952c64ef15adcc900c
18:47:55,611 root DEBUG Processing QC from sender 
18:47:55,611 root DEBUG updating leaders
18:47:55,612 root DEBUG Processed QC certificate
18:47:55,612 root DEBUG Processing QC from sender 
18:47:55,612 root DEBUG updating leaders
18:47:55,612 root DEBUG Processed QC certificate
18:47:55,612 root DEBUG new leader is 
18:47:55,612 root DEBUG New ledger state 
18:47:55,612 root DEBUG Searching block with id
18:47:55,612 root DEBUG Searching block with id
18:47:55,612 root DEBUG Searching block with id
18:47:55,612 root DEBUG Searching block with id
18:47:55,612 root DEBUG Searching block with id
18:47:55,612 root DEBUG Searching block with id
18:47:55,612 root DEBUG Searching block with id
18:47:55,612 root DEBUG Searching block with id
18:47:55,612 root DEBUG Searching block with id
18:47:55,612 root DEBUG Searching block with id
18:47:55,612 root DEBUG Searching block with id
18:47:55,612 root DEBUG Searching block with id
18:47:55,612 root DEBUG Searching block with id
18:47:55,612 root DEBUG Searching block with id
18:47:55,612 root DEBUG Searching block with id
18:47:55,612 root DEBUG Searching block with id
18:47:55,612 root DEBUG Inserting block
18:47:55,612 root DEBUG Leadger state is 
18:47:55,613 root DEBUG Leadger state is 
18:47:55,613 root DEBUG Leadger state is 
18:47:55,613 root DEBUG new leader is 
18:47:55,614 root DEBUG Processing vote message
18:47:55,614 root DEBUG Processing vote
18:47:55,614 root DEBUG Processing QC from sender 
18:47:55,615 root DEBUG Processing vote message
18:47:55,615 root DEBUG Processing vote
18:47:55,615 root DEBUG Processing QC from sender 
18:47:55,616 root DEBUG Processing vote message
18:47:55,616 root DEBUG Processing vote
18:47:55,616 root DEBUG Processing QC from sender 
18:47:55,616 root DEBUG Processing QC from sender 
18:47:55,616 root DEBUG Committing transactions
18:47:55,616 root DEBUG updating leaders
18:47:55,616 root DEBUG Processed QC certificate
18:47:55,616 root DEBUG Processing new round event
18:47:55,616 root DEBUG new leader is 
18:47:55,617 root DEBUG Generating block
18:47:55,617 root DEBUG sending proposal message 
18:47:55,618 root DEBUG Processing proposal message6eecf70c95bd4d7ee25ed6723aecadc9983ac21a107f085f8e2e032a05add412
18:47:55,618 root DEBUG Processing QC from sender 
18:47:55,618 root DEBUG updating leaders
18:47:55,618 root DEBUG Processed QC certificate
18:47:55,619 root DEBUG Processing QC from sender 
18:47:55,619 root DEBUG updating leaders
18:47:55,619 root DEBUG Processed QC certificate
18:47:55,619 root DEBUG new leader is 
18:47:55,619 root DEBUG New ledger state 
18:47:55,619 root DEBUG Searching block with id
18:47:55,619 root DEBUG Searching block with id
18:47:55,619 root DEBUG Searching block with id
18:47:55,619 root DEBUG Searching block with id
18:47:55,619 root DEBUG Searching block with id
18:47:55,619 root DEBUG Searching block with id
18:47:55,619 root DEBUG Searching block with id
18:47:55,619 root DEBUG Searching block with id
18:47:55,619 root DEBUG Searching block with id
18:47:55,619 root DEBUG Searching block with id
18:47:55,619 root DEBUG Searching block with id
18:47:55,619 root DEBUG Searching block with id
18:47:55,619 root DEBUG Searching block with id
18:47:55,619 root DEBUG Searching block with id
18:47:55,619 root DEBUG Searching block with id
18:47:55,619 root DEBUG Searching block with id
18:47:55,619 root DEBUG Searching block with id
18:47:55,619 root DEBUG Inserting block
18:47:55,619 root DEBUG Leadger state is 
18:47:55,619 root DEBUG Leadger state is 
18:47:55,619 root DEBUG Leadger state is 
18:47:55,619 root DEBUG new leader is 
18:47:56,621 root DEBUG sending timeout message
18:47:56,624 root DEBUG Processing timeout message
18:47:56,624 root DEBUG Processing QC from sender 
18:47:56,624 root DEBUG updating leaders
18:47:56,624 root DEBUG Processed QC certificate
18:47:56,624 root DEBUG Processing QC from sender 
18:47:56,624 root DEBUG updating leaders
18:47:56,625 root DEBUG Processed QC certificate
18:47:56,628 root DEBUG Processing timeout message
18:47:56,629 root DEBUG Processing QC from sender 
18:47:56,629 root DEBUG updating leaders
18:47:56,629 root DEBUG Processed QC certificate
18:47:56,629 root DEBUG Processing QC from sender 
18:47:56,629 root DEBUG updating leaders
18:47:56,629 root DEBUG Processed QC certificate
18:47:56,629 root DEBUG sending timeout message
18:47:56,631 root DEBUG Processing timeout message
18:47:56,631 root DEBUG Processing QC from sender 
18:47:56,631 root DEBUG updating leaders
18:47:56,631 root DEBUG Processed QC certificate
18:47:56,631 root DEBUG Processing QC from sender 
18:47:56,631 root DEBUG updating leaders
18:47:56,631 root DEBUG Processed QC certificate
18:47:56,631 root DEBUG Processing new round event
18:47:56,632 root DEBUG new leader is 
18:47:56,632 root DEBUG Processing timeout message
18:47:56,633 root DEBUG Processing QC from sender 
18:47:56,634 root DEBUG updating leaders
18:47:56,634 root DEBUG Processed QC certificate
18:47:56,635 root DEBUG Processing QC from sender 
18:47:56,635 root DEBUG updating leaders
18:47:56,635 root DEBUG Processed QC certificate
18:47:56,635 root DEBUG Processing timeout message
18:47:56,636 root DEBUG Processing QC from sender 
18:47:56,636 root DEBUG updating leaders
18:47:56,636 root DEBUG Processed QC certificate
18:47:56,636 root DEBUG Processing QC from sender 
18:47:56,636 root DEBUG updating leaders
18:47:56,636 root DEBUG Processed QC certificate
18:47:56,636 root DEBUG Processing timeout message
18:47:56,636 root DEBUG Processing QC from sender 
18:47:56,636 root DEBUG updating leaders
18:47:56,637 root DEBUG Processed QC certificate
18:47:56,637 root DEBUG Processing QC from sender 
18:47:56,637 root DEBUG updating leaders
18:47:56,637 root DEBUG Processed QC certificate
18:47:57,632 root DEBUG sending timeout message
18:47:57,645 root DEBUG Processing timeout message
18:47:57,646 root DEBUG Processing QC from sender 
18:47:57,647 root DEBUG updating leaders
18:47:57,647 root DEBUG Processed QC certificate
18:47:57,647 root DEBUG Processing QC from sender 
18:47:57,647 root DEBUG updating leaders
18:47:57,647 root DEBUG Processed QC certificate
18:47:57,648 root DEBUG Processing timeout message
18:47:57,648 root DEBUG Processing QC from sender 
18:47:57,648 root DEBUG updating leaders
18:47:57,648 root DEBUG Processed QC certificate
18:47:57,648 root DEBUG Processing QC from sender 
18:47:57,649 root DEBUG updating leaders
18:47:57,649 root DEBUG Processed QC certificate
18:47:57,649 root DEBUG sending timeout message
18:47:57,653 root DEBUG Processing timeout message
18:47:57,655 root DEBUG Processing QC from sender 
18:47:57,655 root DEBUG updating leaders
18:47:57,655 root DEBUG Processed QC certificate
18:47:57,655 root DEBUG Processing QC from sender 
18:47:57,655 root DEBUG updating leaders
18:47:57,656 root DEBUG Processed QC certificate
18:47:57,656 root DEBUG Processing new round event
18:47:57,657 root DEBUG new leader is 
18:47:57,659 root DEBUG Processing timeout message
18:47:57,660 root DEBUG Processing QC from sender 
18:47:57,660 root DEBUG updating leaders
18:47:57,660 root DEBUG Processed QC certificate
18:47:57,660 root DEBUG Processing QC from sender 
18:47:57,660 root DEBUG updating leaders
18:47:57,660 root DEBUG Processed QC certificate
18:47:57,661 root DEBUG Processing timeout message
18:47:57,661 root DEBUG Processing QC from sender 
18:47:57,662 root DEBUG updating leaders
18:47:57,662 root DEBUG Processed QC certificate
18:47:57,662 root DEBUG Processing QC from sender 
18:47:57,662 root DEBUG updating leaders
18:47:57,662 root DEBUG Processed QC certificate
18:47:57,663 root DEBUG Processing timeout message
18:47:57,663 root DEBUG Processing QC from sender 
18:47:57,663 root DEBUG updating leaders
18:47:57,663 root DEBUG Processed QC certificate
18:47:57,663 root DEBUG Processing QC from sender 
18:47:57,663 root DEBUG updating leaders
18:47:57,663 root DEBUG Processed QC certificate
18:47:57,665 root DEBUG Processing proposal messagedd811ad109673d43e67566d2f79059838883ce826c3f8878f391d75e2c1fb3e9
18:47:57,665 root DEBUG Processing QC from sender 
18:47:57,665 root DEBUG updating leaders
18:47:57,665 root DEBUG Processed QC certificate
18:47:57,665 root DEBUG Processing QC from sender 
18:47:57,665 root DEBUG updating leaders
18:47:57,665 root DEBUG Processed QC certificate
18:47:57,665 root DEBUG new leader is 
18:47:57,665 root DEBUG New ledger state 
18:47:57,666 root DEBUG Searching block with id
18:47:57,666 root DEBUG Searching block with id
18:47:57,666 root DEBUG Searching block with id
18:47:57,666 root DEBUG Searching block with id
18:47:57,666 root DEBUG Searching block with id
18:47:57,666 root DEBUG Searching block with id
18:47:57,666 root DEBUG Searching block with id
18:47:57,666 root DEBUG Searching block with id
18:47:57,666 root DEBUG Searching block with id
18:47:57,666 root DEBUG Searching block with id
18:47:57,666 root DEBUG Searching block with id
18:47:57,666 root DEBUG Searching block with id
18:47:57,666 root DEBUG Searching block with id
18:47:57,666 root DEBUG Searching block with id
18:47:57,666 root DEBUG Searching block with id
18:47:57,666 root DEBUG Searching block with id
18:47:57,666 root DEBUG Searching block with id
18:47:57,666 root DEBUG Searching block with id
18:47:57,666 root DEBUG Inserting block
18:47:57,666 root DEBUG Leadger state is 
18:47:57,666 root DEBUG Leadger state is 
18:47:57,667 root DEBUG new leader is 
18:47:57,675 root DEBUG Processing proposal messageba2e3bb685eccbdc237df701696aa950e4892c98a46402350b45c2ae8977e1a3
18:47:57,675 root DEBUG Processing QC from sender 
18:47:57,675 root DEBUG updating leaders
18:47:57,675 root DEBUG Processed QC certificate
18:47:57,675 root DEBUG Processing QC from sender 
18:47:57,675 root DEBUG updating leaders
18:47:57,675 root DEBUG Processed QC certificate
18:47:57,675 root DEBUG new leader is 
18:47:57,675 root DEBUG New ledger state 
18:47:57,676 root DEBUG Searching block with id
18:47:57,676 root DEBUG Searching block with id
18:47:57,676 root DEBUG Searching block with id
18:47:57,676 root DEBUG Searching block with id
18:47:57,676 root DEBUG Searching block with id
18:47:57,676 root DEBUG Searching block with id
18:47:57,676 root DEBUG Searching block with id
18:47:57,676 root DEBUG Searching block with id
18:47:57,676 root DEBUG Searching block with id
18:47:57,677 root DEBUG Searching block with id
18:47:57,677 root DEBUG Searching block with id
18:47:57,677 root DEBUG Searching block with id
18:47:57,679 root DEBUG Searching block with id
18:47:57,679 root DEBUG Searching block with id
18:47:57,679 root DEBUG Searching block with id
18:47:57,679 root DEBUG Searching block with id
18:47:57,679 root DEBUG Searching block with id
18:47:57,679 root DEBUG Searching block with id
18:47:57,679 root DEBUG Searching block with id
18:47:57,679 root DEBUG Inserting block
18:47:57,679 root DEBUG Leadger state is 
18:47:57,680 root DEBUG Leadger state is 
18:47:57,680 root DEBUG Leadger state is 
18:47:57,680 root DEBUG new leader is 
18:47:57,681 root DEBUG Processing vote message
18:47:57,681 root DEBUG Processing vote
18:47:57,681 root DEBUG Processing QC from sender 
18:47:57,681 root DEBUG Processing vote message
18:47:57,681 root DEBUG Processing vote
18:47:57,681 root DEBUG Processing QC from sender 
18:47:57,682 root DEBUG Processing vote message
18:47:57,682 root DEBUG Processing vote
18:47:57,682 root DEBUG Processing QC from sender 
18:47:57,682 root DEBUG Processing QC from sender 
18:47:57,682 root DEBUG Committing transactions
18:47:57,682 root DEBUG updating leaders
18:47:57,682 root DEBUG Processed QC certificate
18:47:57,682 root DEBUG Processing new round event
18:47:57,683 root DEBUG new leader is 
18:47:57,683 root DEBUG Generating block
18:47:57,683 root DEBUG sending proposal message 
18:47:57,685 root DEBUG Processing proposal messagec7ea2432c1af274eaf41517ab8d2a32e98d9c9e958b9a26d8564e9cb9a6ce422
18:47:57,686 root DEBUG Processing QC from sender 
18:47:57,686 root DEBUG updating leaders
18:47:57,686 root DEBUG Processed QC certificate
18:47:57,686 root DEBUG Processing QC from sender 
18:47:57,686 root DEBUG updating leaders
18:47:57,686 root DEBUG Processed QC certificate
18:47:57,686 root DEBUG new leader is 
18:47:57,686 root DEBUG New ledger state 
18:47:57,686 root DEBUG Searching block with id
18:47:57,686 root DEBUG Searching block with id
18:47:57,686 root DEBUG Searching block with id
18:47:57,686 root DEBUG Searching block with id
18:47:57,686 root DEBUG Searching block with id
18:47:57,687 root DEBUG Searching block with id
18:47:57,687 root DEBUG Searching block with id
18:47:57,687 root DEBUG Searching block with id
18:47:57,687 root DEBUG Searching block with id
18:47:57,687 root DEBUG Searching block with id
18:47:57,687 root DEBUG Searching block with id
18:47:57,687 root DEBUG Searching block with id
18:47:57,687 root DEBUG Searching block with id
18:47:57,687 root DEBUG Searching block with id
18:47:57,687 root DEBUG Searching block with id
18:47:57,687 root DEBUG Searching block with id
18:47:57,687 root DEBUG Searching block with id
18:47:57,687 root DEBUG Searching block with id
18:47:57,687 root DEBUG Searching block with id
18:47:57,687 root DEBUG Searching block with id
18:47:57,688 root DEBUG Inserting block
18:47:57,688 root DEBUG Leadger state is 
18:47:57,688 root DEBUG Leadger state is 
18:47:57,688 root DEBUG Leadger state is 
18:47:57,688 root DEBUG new leader is 
18:47:58,689 root DEBUG sending timeout message
18:47:58,694 root DEBUG Processing timeout message
18:47:58,695 root DEBUG Processing QC from sender 
18:47:58,696 root DEBUG updating leaders
18:47:58,696 root DEBUG Processed QC certificate
18:47:58,696 root DEBUG Processing QC from sender 
18:47:58,696 root DEBUG updating leaders
18:47:58,696 root DEBUG Processed QC certificate
18:47:58,697 root DEBUG Processing timeout message
18:47:58,698 root DEBUG Processing QC from sender 
18:47:58,698 root DEBUG updating leaders
18:47:58,699 root DEBUG Processed QC certificate
18:47:58,699 root DEBUG Processing QC from sender 
18:47:58,699 root DEBUG updating leaders
18:47:58,699 root DEBUG Processed QC certificate
18:47:58,699 root DEBUG sending timeout message
18:47:58,702 root DEBUG Processing timeout message
18:47:58,703 root DEBUG Processing QC from sender 
18:47:58,703 root DEBUG updating leaders
18:47:58,703 root DEBUG Processed QC certificate
18:47:58,703 root DEBUG Processing QC from sender 
18:47:58,703 root DEBUG updating leaders
18:47:58,703 root DEBUG Processed QC certificate
18:47:58,703 root DEBUG Processing new round event
18:47:58,703 root DEBUG new leader is 
18:47:58,704 root DEBUG Processing timeout message
18:47:58,704 root DEBUG Processing QC from sender 
18:47:58,704 root DEBUG updating leaders
18:47:58,704 root DEBUG Processed QC certificate
18:47:58,704 root DEBUG Processing QC from sender 
18:47:58,704 root DEBUG updating leaders
18:47:58,704 root DEBUG Processed QC certificate
18:47:58,705 root DEBUG Processing timeout message
18:47:58,705 root DEBUG Processing QC from sender 
18:47:58,705 root DEBUG updating leaders
18:47:58,705 root DEBUG Processed QC certificate
18:47:58,705 root DEBUG Processing QC from sender 
18:47:58,705 root DEBUG updating leaders
18:47:58,705 root DEBUG Processed QC certificate
18:47:58,705 root DEBUG Processing timeout message
18:47:58,705 root DEBUG Processing QC from sender 
18:47:58,706 root DEBUG updating leaders
18:47:58,706 root DEBUG Processed QC certificate
18:47:58,706 root DEBUG Processing QC from sender 
18:47:58,706 root DEBUG updating leaders
18:47:58,706 root DEBUG Processed QC certificate
18:47:59,704 root DEBUG sending timeout message
18:47:59,711 root DEBUG Processing timeout message
18:47:59,711 root DEBUG Processing QC from sender 
18:47:59,711 root DEBUG updating leaders
18:47:59,711 root DEBUG Processed QC certificate
18:47:59,711 root DEBUG Processing QC from sender 
18:47:59,711 root DEBUG updating leaders
18:47:59,711 root DEBUG Processed QC certificate
18:47:59,712 root DEBUG Processing timeout message
18:47:59,713 root DEBUG Processing QC from sender 
18:47:59,713 root DEBUG updating leaders
18:47:59,713 root DEBUG Processed QC certificate
18:47:59,713 root DEBUG Processing QC from sender 
18:47:59,713 root DEBUG updating leaders
18:47:59,713 root DEBUG Processed QC certificate
18:47:59,713 root DEBUG sending timeout message
18:47:59,716 root DEBUG Processing timeout message
18:47:59,716 root DEBUG Processing QC from sender 
18:47:59,716 root DEBUG updating leaders
18:47:59,716 root DEBUG Processed QC certificate
18:47:59,716 root DEBUG Processing QC from sender 
18:47:59,716 root DEBUG updating leaders
18:47:59,716 root DEBUG Processed QC certificate
18:47:59,716 root DEBUG Processing new round event
18:47:59,716 root DEBUG new leader is 
18:47:59,717 root DEBUG Processing timeout message
18:47:59,717 root DEBUG Processing QC from sender 
18:47:59,718 root DEBUG updating leaders
18:47:59,718 root DEBUG Processed QC certificate
18:47:59,718 root DEBUG Processing QC from sender 
18:47:59,718 root DEBUG updating leaders
18:47:59,718 root DEBUG Processed QC certificate
18:47:59,719 root DEBUG Processing timeout message
18:47:59,719 root DEBUG Processing QC from sender 
18:47:59,719 root DEBUG updating leaders
18:47:59,720 root DEBUG Processed QC certificate
18:47:59,720 root DEBUG Processing QC from sender 
18:47:59,720 root DEBUG updating leaders
18:47:59,720 root DEBUG Processed QC certificate
18:47:59,721 root DEBUG Processing timeout message
18:47:59,721 root DEBUG Processing QC from sender 
18:47:59,721 root DEBUG updating leaders
18:47:59,721 root DEBUG Processed QC certificate
18:47:59,721 root DEBUG Processing QC from sender 
18:47:59,721 root DEBUG updating leaders
18:47:59,721 root DEBUG Processed QC certificate
18:47:59,722 root DEBUG Processing proposal message1c75ea8f68edb08283cf47985ad4cda1305ef1d7b2bd5b31e9333d90bb9ef181
18:47:59,723 root DEBUG Processing QC from sender 
18:47:59,723 root DEBUG updating leaders
18:47:59,723 root DEBUG Processed QC certificate
18:47:59,723 root DEBUG Processing QC from sender 
18:47:59,723 root DEBUG updating leaders
18:47:59,723 root DEBUG Processed QC certificate
18:47:59,723 root DEBUG new leader is 
18:47:59,723 root DEBUG New ledger state 
18:47:59,723 root DEBUG Searching block with id
18:47:59,723 root DEBUG Searching block with id
18:47:59,723 root DEBUG Searching block with id
18:47:59,723 root DEBUG Searching block with id
18:47:59,723 root DEBUG Searching block with id
18:47:59,723 root DEBUG Searching block with id
18:47:59,723 root DEBUG Searching block with id
18:47:59,723 root DEBUG Searching block with id
18:47:59,723 root DEBUG Searching block with id
18:47:59,723 root DEBUG Searching block with id
18:47:59,723 root DEBUG Searching block with id
18:47:59,724 root DEBUG Searching block with id
18:47:59,724 root DEBUG Searching block with id
18:47:59,724 root DEBUG Searching block with id
18:47:59,724 root DEBUG Searching block with id
18:47:59,724 root DEBUG Searching block with id
18:47:59,724 root DEBUG Searching block with id
18:47:59,724 root DEBUG Searching block with id
18:47:59,724 root DEBUG Searching block with id
18:47:59,724 root DEBUG Searching block with id
18:47:59,724 root DEBUG Searching block with id
18:47:59,724 root DEBUG Inserting block
18:47:59,724 root DEBUG Leadger state is 
18:47:59,724 root DEBUG Leadger state is 
18:47:59,724 root DEBUG new leader is 
